#
# There is insufficient memory for the Java Runtime Environment to continue.
# Native memory allocation (mmap) failed to map 65536 bytes. Error detail: Failed to commit metaspace.
# Possible reasons:
#   The system is out of physical RAM or swap space
#   This process is running with CompressedOops enabled, and the Java Heap may be blocking the growth of the native heap
# Possible solutions:
#   Reduce memory load on the system
#   Increase physical memory or swap space
#   Check if swap backing store is full
#   Decrease Java heap size (-Xmx/-Xms)
#   Decrease number of Java threads
#   Decrease Java thread stack sizes (-Xss)
#   Set larger code cache with -XX:ReservedCodeCacheSize=
#   JVM is running with Unscaled Compressed Oops mode in which the Java heap is
#     placed in the first 4GB address space. The Java Heap base address is the
#     maximum limit for the native heap growth. Please use -XX:HeapBaseMinAddress
#     to set the Java Heap base and to place the Java Heap above 4GB virtual address.
# This output file may be truncated or incomplete.
#
#  Out of Memory Error (virtualSpaceNode.cpp:113), pid=16316, tid=4680
#
# JRE version: OpenJDK Runtime Environment Temurin-21.0.6+7 (21.0.6+7) (build 21.0.6+7-LTS)
# Java VM: OpenJDK 64-Bit Server VM Temurin-21.0.6+7 (21.0.6+7-LTS, mixed mode, emulated-client, sharing, tiered, compressed oops, compressed class ptrs, g1 gc, windows-amd64)
# No core dump will be written. Minidumps are not enabled by default on client versions of Windows
#

---------------  S U M M A R Y ------------

Command Line: -Dcom.sun.management.jmxremote -Dcom.sun.management.jmxremote.port=5962 -Dcom.sun.management.jmxremote.authenticate=false -Dcom.sun.management.jmxremote.ssl=false -Djava.rmi.server.hostname=localhost -Dspring.jmx.enabled=true -Dmanagement.endpoints.jmx.exposure.include=* -Dspring.application.admin.enabled=true -Dspring.output.ansi.enabled=always -XX:TieredStopAtLevel=1 -Dspring.boot.project.name=marketplace-order-service -Dfile.encoding=UTF-8 -Dstdout.encoding=UTF-8 -Dstderr.encoding=UTF-8 -XX:+ShowCodeDetailsInExceptionMessages com.agriverse.marketplaceorder.MarketplaceOrderServiceApplication

Host: Intel(R) Core(TM) i5-1035G1 CPU @ 1.00GHz, 8 cores, 7G,  Windows 11 , 64 bit Build 26100 (10.0.26100.3912)
Time: Thu Jul 24 17:02:20 2025 India Standard Time elapsed time: 6.685979 seconds (0d 0h 0m 6s)

---------------  T H R E A D  ---------------

Current thread (0x00000249f8e66f40):  JavaThread "main"             [_thread_in_vm, id=4680, stack(0x0000006886000000,0x0000006886100000) (1024K)]

Stack: [0x0000006886000000,0x0000006886100000]
Native frames: (J=compiled Java code, j=interpreted, Vv=VM code, C=native code)
V  [jvm.dll+0x6cdee9]
V  [jvm.dll+0x8a83d1]
V  [jvm.dll+0x8aa8fe]
V  [jvm.dll+0x8aafe3]
V  [jvm.dll+0x27f706]
V  [jvm.dll+0x8a411e]
V  [jvm.dll+0x670385]
V  [jvm.dll+0x6703ea]
V  [jvm.dll+0x672bd2]
V  [jvm.dll+0x672aa2]
V  [jvm.dll+0x670d5e]
V  [jvm.dll+0x26941f]
V  [jvm.dll+0x67afc5]
V  [jvm.dll+0x21561d]
V  [jvm.dll+0x215b9a]
V  [jvm.dll+0x2165c5]
V  [jvm.dll+0x20bb8e]
V  [jvm.dll+0x5ae3ec]
V  [jvm.dll+0x21d24a]
V  [jvm.dll+0x820d9c]
V  [jvm.dll+0x821dc4]
V  [jvm.dll+0x8225b0]
V  [jvm.dll+0x2169bc]
V  [jvm.dll+0x20bba7]
V  [jvm.dll+0x5ae3ec]
V  [jvm.dll+0x21d24a]
V  [jvm.dll+0x820d9c]
V  [jvm.dll+0x821dc4]
V  [jvm.dll+0x822392]
V  [jvm.dll+0x822018]
V  [jvm.dll+0x26cd7b]
V  [jvm.dll+0x3d479e]
C  0x0000024980019594

The last pc belongs to new (printed below).
Java frames: (J=compiled Java code, j=interpreted, Vv=VM code)
j  sun.rmi.transport.tcp.TCPTransport.<clinit>()V+90 java.rmi@21.0.6
v  ~StubRoutines::call_stub 0x00000249800010e7
j  sun.rmi.transport.tcp.TCPEndpoint.<clinit>()V+94 java.rmi@21.0.6
v  ~StubRoutines::call_stub 0x00000249800010e7
j  sun.rmi.transport.LiveRef.<init>(Ljava/rmi/server/ObjID;I)V+3 java.rmi@21.0.6
j  sun.rmi.transport.LiveRef.<init>(I)V+9 java.rmi@21.0.6
j  sun.management.jmxremote.ConnectorBootstrap$PermanentExporter.exportObject(Ljava/rmi/Remote;ILjava/rmi/server/RMIClientSocketFactory;Ljava/rmi/server/RMIServerSocketFactory;Ljava/io/ObjectInputFilter;)Ljava/rmi/Remote;+49 jdk.management.agent@21.0.6
j  javax.management.remote.rmi.RMIJRMPServerImpl.export(Ljava/rmi/Remote;Ljava/io/ObjectInputFilter;)V+62 java.management.rmi@21.0.6
j  javax.management.remote.rmi.RMIJRMPServerImpl.export()V+6 java.management.rmi@21.0.6
j  javax.management.remote.rmi.RMIConnectorServer.start()V+246 java.management.rmi@21.0.6
j  sun.management.jmxremote.ConnectorBootstrap.exportMBeanServer(Ljavax/management/MBeanServer;IIZZLjava/lang/String;[Ljava/lang/String;[Ljava/lang/String;ZZLjava/lang/String;Ljava/lang/String;ZLjava/lang/String;Ljava/lang/String;Ljava/lang/String;)Lsun/management/jmxremote/ConnectorBootstrap$JMXConnectorServerData;+348 jdk.management.agent@21.0.6
j  sun.management.jmxremote.ConnectorBootstrap.startRemoteConnectorServer(Ljava/lang/String;Ljava/util/Properties;)Ljavax/management/remote/JMXConnectorServer;+620 jdk.management.agent@21.0.6
j  jdk.internal.agent.Agent.startAgent(Ljava/util/Properties;)V+48 jdk.management.agent@21.0.6
j  jdk.internal.agent.Agent.startAgent()V+20 jdk.management.agent@21.0.6
v  ~StubRoutines::call_stub 0x00000249800010e7
new  187 new  [0x0000024980019400, 0x0000024980019608]  520 bytes
[MachCode]
  0x0000024980019400: 4883 ec08 | c5fa 1104 | 24eb 1f48 | 83ec 10c5 | fb11 0424 | eb14 4883 | ec10 4889 | 0424 48c7 
  0x0000024980019420: 4424 0800 | 0000 00eb | 0150 410f | b755 010f | cac1 ea10 | 488b 4de8 | 488b 4908 | 488b 4908 
  0x0000024980019440: 488b 4108 | 807c 1004 | 070f 85d3 | 0000 0066 | 8b54 d148 | 488b 4928 | 488b 4cd1 | 0851 80b9 
  0x0000024980019460: 2101 0000 | 040f 85b6 | 0000 008b | 5108 f6c2 | 010f 85aa | 0000 0049 | 8b87 b801 | 0000 488d 
  0x0000024980019480: 1c10 493b | 9fc8 0100 | 000f 8792 | 0000 0049 | 899f b801 | 0000 4883 | ea10 0f84 | 0f00 0000 
  0x00000249800194a0: 33c9 c1ea | 0348 894c | d008 48ff | ca75 f648 | c700 0100 | 0000 5933 | f689 700c | 49ba 0000 
  0x00000249800194c0: 0087 4902 | 0000 492b | ca89 4808 | 49ba 365b | e9bd f87f | 0000 4180 | 3a00 0f84 | 3c00 0000 
  0x00000249800194e0: 5048 8bc8 | 4883 ec20 | 40f6 c40f | 0f84 1900 | 0000 4883 | ec08 48b8 | 004c 93bd | f87f 0000 
  0x0000024980019500: ffd0 4883 | c408 e90c | 0000 0048 | b800 4c93 | bdf8 7f00 | 00ff d048 | 83c4 2058 | e9cb 0000 
  0x0000024980019520: 0059 488b | 55e8 488b | 5208 488b | 5208 450f | b745 0141 | 0fc8 41c1 | e810 e805 | 0000 00e9 
  0x0000024980019540: a800 0000 | 488d 4424 | 084c 896d | c049 8bcf | c5f8 7749 | 89af a803 | 0000 4989 | 8798 0300 
  0x0000024980019560: 0048 83ec | 2040 f6c4 | 0f0f 8419 | 0000 0048 | 83ec 0848 | b850 475d | bdf8 7f00 | 00ff d048 
  0x0000024980019580: 83c4 08e9 | 0c00 0000 | 48b8 5047 | 5dbd f87f | 0000 ffd0 | 4883 c420 | 49c7 8798 | 0300 0000 
  0x00000249800195a0: 0000 0049 | c787 a803 | 0000 0000 | 0000 49c7 | 87a0 0300 | 0000 0000 | 00c5 f877 | 4983 7f08 
  0x00000249800195c0: 000f 8405 | 0000 00e9 | 3479 feff | 498b 87f0 | 0300 0049 | c787 f003 | 0000 0000 | 0000 4c8b 
  0x00000249800195e0: 6dc0 4c8b | 75c8 4e8d | 74f5 00c3 | 410f b65d | 0349 83c5 | 0349 ba30 | 21ec bdf8 | 7f00 0041 
  0x0000024980019600: ff24 da0f | 1f44 0000 
[/MachCode]

---------------  P R O C E S S  ---------------

Threads class SMR info:
_java_thread_list=0x00000249cc15cb10, length=13, elements={
0x00000249f8e66f40, 0x00000249ff954610, 0x00000249ff955060, 0x00000249ff959aa0,
0x00000249ff95a4f0, 0x00000249ff964520, 0x00000249ff969ca0, 0x00000249cc000080,
0x00000249cc0f3ed0, 0x00000249cc0f5880, 0x00000249cc0fbbc0, 0x00000249cc0fe270,
0x00000249cc185390
}

Java Threads: ( => current thread )
=>0x00000249f8e66f40 JavaThread "main"                              [_thread_in_vm, id=4680, stack(0x0000006886000000,0x0000006886100000) (1024K)]
  0x00000249ff954610 JavaThread "Reference Handler"          daemon [_thread_blocked, id=22404, stack(0x0000006886800000,0x0000006886900000) (1024K)]
  0x00000249ff955060 JavaThread "Finalizer"                  daemon [_thread_blocked, id=9996, stack(0x0000006886900000,0x0000006886a00000) (1024K)]
  0x00000249ff959aa0 JavaThread "Signal Dispatcher"          daemon [_thread_blocked, id=3876, stack(0x0000006886a00000,0x0000006886b00000) (1024K)]
  0x00000249ff95a4f0 JavaThread "Attach Listener"            daemon [_thread_blocked, id=1428, stack(0x0000006886b00000,0x0000006886c00000) (1024K)]
  0x00000249ff964520 JavaThread "Service Thread"             daemon [_thread_blocked, id=20304, stack(0x0000006886c00000,0x0000006886d00000) (1024K)]
  0x00000249ff969ca0 JavaThread "Monitor Deflation Thread"   daemon [_thread_blocked, id=16064, stack(0x0000006886d00000,0x0000006886e00000) (1024K)]
  0x00000249cc000080 JavaThread "C1 CompilerThread0"         daemon [_thread_blocked, id=15924, stack(0x0000006886e00000,0x0000006886f00000) (1024K)]
  0x00000249cc0f3ed0 JavaThread "Common-Cleaner"             daemon [_thread_blocked, id=21296, stack(0x0000006886f00000,0x0000006887000000) (1024K)]
  0x00000249cc0f5880 JavaThread "C1 CompilerThread1"         daemon [_thread_blocked, id=10864, stack(0x0000006887000000,0x0000006887100000) (1024K)]
  0x00000249cc0fbbc0 JavaThread "C1 CompilerThread2"         daemon [_thread_blocked, id=11312, stack(0x0000006887100000,0x0000006887200000) (1024K)]
  0x00000249cc0fe270 JavaThread "C1 CompilerThread3"         daemon [_thread_blocked, id=22496, stack(0x0000006887200000,0x0000006887300000) (1024K)]
  0x00000249cc185390 JavaThread "Notification Thread"        daemon [_thread_blocked, id=20444, stack(0x0000006887300000,0x0000006887400000) (1024K)]
Total: 13

Other Threads:
  0x00000249ff9364f0 VMThread "VM Thread"                           [id=8864, stack(0x0000006886700000,0x0000006886800000) (1024K)] _threads_hazard_ptr=0x00000249cc15cb10
  0x00000249ff927370 WatcherThread "VM Periodic Task Thread"        [id=4568, stack(0x0000006886600000,0x0000006886700000) (1024K)]
  0x00000249fb241e70 WorkerThread "GC Thread#0"                     [id=15572, stack(0x0000006886100000,0x0000006886200000) (1024K)]
  0x00000249fb252560 ConcurrentGCThread "G1 Main Marker"            [id=18012, stack(0x0000006886200000,0x0000006886300000) (1024K)]
  0x00000249fb252f70 WorkerThread "G1 Conc#0"                       [id=16900, stack(0x0000006886300000,0x0000006886400000) (1024K)]
  0x00000249ff7fb0a0 ConcurrentGCThread "G1 Refine#0"               [id=6360, stack(0x0000006886400000,0x0000006886500000) (1024K)]
  0x00000249ff7fb8c0 ConcurrentGCThread "G1 Service"                [id=12884, stack(0x0000006886500000,0x0000006886600000) (1024K)]
Total: 7

Threads with active compile tasks:
Total: 0

VM state: synchronizing (normal execution)

VM Mutex/Monitor currently owned by a thread:  ([mutex/lock_event])
[0x00007ff8bdeac300] Metaspace_lock - owner thread: 0x00000249f8e66f40
[0x00007ff8bdeae380] Threads_lock - owner thread: 0x00000249ff9364f0

Heap address: 0x0000000084000000, size: 1984 MB, Compressed Oops mode: 32-bit

CDS archive(s) mapped at: [0x0000024987000000-0x0000024987c80000-0x0000024987c80000), size 13107200, SharedBaseAddress: 0x0000024987000000, ArchiveRelocationMode: 1.
Compressed class space mapped at: 0x0000024988000000-0x00000249c8000000, reserved size: 1073741824
Narrow klass base: 0x0000024987000000, Narrow klass shift: 0, Narrow klass range: 0x100000000

GC Precious Log:
 CardTable entry size: 512
 Card Set container configuration: InlinePtr #cards 5 size 8 Array Of Cards #cards 12 size 40 Howl #buckets 4 coarsen threshold 1843 Howl Bitmap #cards 512 size 80 coarsen threshold 460 Card regions per heap region 1 cards per card region 2048
 CPUs: 8 total, 8 available
 Memory: 7930M
 Large Page Support: Disabled
 NUMA Support: Disabled
 Compressed Oops: Enabled (32-bit)
 Heap Region Size: 1M
 Heap Min Capacity: 8M
 Heap Initial Capacity: 124M
 Heap Max Capacity: 1984M
 Pre-touch: Disabled
 Parallel Workers: 8
 Concurrent Workers: 2
 Concurrent Refinement Workers: 8
 Periodic GC: Disabled

Heap:
 garbage-first heap   total 126976K, used 16384K [0x0000000084000000, 0x0000000100000000)
  region size 1024K, 16 young (16384K), 0 survivors (0K)
 Metaspace       used 3910K, committed 4032K, reserved 1114112K
  class space    used 462K, committed 512K, reserved 1048576K

Heap Regions: E=young(eden), S=young(survivor), O=old, HS=humongous(starts), HC=humongous(continues), CS=collection set, F=free, TAMS=top-at-mark-start, PB=parsable bottom
|   0|0x0000000084000000, 0x0000000084100000, 0x0000000084100000|100%|HS|  |TAMS 0x0000000084000000| PB 0x0000000084000000| Complete 
|   1|0x0000000084100000, 0x0000000084200000, 0x0000000084200000|100%|HS|  |TAMS 0x0000000084100000| PB 0x0000000084100000| Complete 
|   2|0x0000000084200000, 0x0000000084200000, 0x0000000084300000|  0%| F|  |TAMS 0x0000000084200000| PB 0x0000000084200000| Untracked 
|   3|0x0000000084300000, 0x0000000084300000, 0x0000000084400000|  0%| F|  |TAMS 0x0000000084300000| PB 0x0000000084300000| Untracked 
|   4|0x0000000084400000, 0x0000000084400000, 0x0000000084500000|  0%| F|  |TAMS 0x0000000084400000| PB 0x0000000084400000| Untracked 
|   5|0x0000000084500000, 0x0000000084500000, 0x0000000084600000|  0%| F|  |TAMS 0x0000000084500000| PB 0x0000000084500000| Untracked 
|   6|0x0000000084600000, 0x0000000084600000, 0x0000000084700000|  0%| F|  |TAMS 0x0000000084600000| PB 0x0000000084600000| Untracked 
|   7|0x0000000084700000, 0x0000000084700000, 0x0000000084800000|  0%| F|  |TAMS 0x0000000084700000| PB 0x0000000084700000| Untracked 
|   8|0x0000000084800000, 0x0000000084800000, 0x0000000084900000|  0%| F|  |TAMS 0x0000000084800000| PB 0x0000000084800000| Untracked 
|   9|0x0000000084900000, 0x0000000084900000, 0x0000000084a00000|  0%| F|  |TAMS 0x0000000084900000| PB 0x0000000084900000| Untracked 
|  10|0x0000000084a00000, 0x0000000084a00000, 0x0000000084b00000|  0%| F|  |TAMS 0x0000000084a00000| PB 0x0000000084a00000| Untracked 
|  11|0x0000000084b00000, 0x0000000084b00000, 0x0000000084c00000|  0%| F|  |TAMS 0x0000000084b00000| PB 0x0000000084b00000| Untracked 
|  12|0x0000000084c00000, 0x0000000084c00000, 0x0000000084d00000|  0%| F|  |TAMS 0x0000000084c00000| PB 0x0000000084c00000| Untracked 
|  13|0x0000000084d00000, 0x0000000084d00000, 0x0000000084e00000|  0%| F|  |TAMS 0x0000000084d00000| PB 0x0000000084d00000| Untracked 
|  14|0x0000000084e00000, 0x0000000084e00000, 0x0000000084f00000|  0%| F|  |TAMS 0x0000000084e00000| PB 0x0000000084e00000| Untracked 
|  15|0x0000000084f00000, 0x0000000084f00000, 0x0000000085000000|  0%| F|  |TAMS 0x0000000084f00000| PB 0x0000000084f00000| Untracked 
|  16|0x0000000085000000, 0x0000000085000000, 0x0000000085100000|  0%| F|  |TAMS 0x0000000085000000| PB 0x0000000085000000| Untracked 
|  17|0x0000000085100000, 0x0000000085100000, 0x0000000085200000|  0%| F|  |TAMS 0x0000000085100000| PB 0x0000000085100000| Untracked 
|  18|0x0000000085200000, 0x0000000085200000, 0x0000000085300000|  0%| F|  |TAMS 0x0000000085200000| PB 0x0000000085200000| Untracked 
|  19|0x0000000085300000, 0x0000000085300000, 0x0000000085400000|  0%| F|  |TAMS 0x0000000085300000| PB 0x0000000085300000| Untracked 
|  20|0x0000000085400000, 0x0000000085400000, 0x0000000085500000|  0%| F|  |TAMS 0x0000000085400000| PB 0x0000000085400000| Untracked 
|  21|0x0000000085500000, 0x0000000085500000, 0x0000000085600000|  0%| F|  |TAMS 0x0000000085500000| PB 0x0000000085500000| Untracked 
|  22|0x0000000085600000, 0x0000000085600000, 0x0000000085700000|  0%| F|  |TAMS 0x0000000085600000| PB 0x0000000085600000| Untracked 
|  23|0x0000000085700000, 0x0000000085700000, 0x0000000085800000|  0%| F|  |TAMS 0x0000000085700000| PB 0x0000000085700000| Untracked 
|  24|0x0000000085800000, 0x0000000085800000, 0x0000000085900000|  0%| F|  |TAMS 0x0000000085800000| PB 0x0000000085800000| Untracked 
|  25|0x0000000085900000, 0x0000000085900000, 0x0000000085a00000|  0%| F|  |TAMS 0x0000000085900000| PB 0x0000000085900000| Untracked 
|  26|0x0000000085a00000, 0x0000000085a00000, 0x0000000085b00000|  0%| F|  |TAMS 0x0000000085a00000| PB 0x0000000085a00000| Untracked 
|  27|0x0000000085b00000, 0x0000000085b00000, 0x0000000085c00000|  0%| F|  |TAMS 0x0000000085b00000| PB 0x0000000085b00000| Untracked 
|  28|0x0000000085c00000, 0x0000000085c00000, 0x0000000085d00000|  0%| F|  |TAMS 0x0000000085c00000| PB 0x0000000085c00000| Untracked 
|  29|0x0000000085d00000, 0x0000000085d00000, 0x0000000085e00000|  0%| F|  |TAMS 0x0000000085d00000| PB 0x0000000085d00000| Untracked 
|  30|0x0000000085e00000, 0x0000000085e00000, 0x0000000085f00000|  0%| F|  |TAMS 0x0000000085e00000| PB 0x0000000085e00000| Untracked 
|  31|0x0000000085f00000, 0x0000000085f00000, 0x0000000086000000|  0%| F|  |TAMS 0x0000000085f00000| PB 0x0000000085f00000| Untracked 
|  32|0x0000000086000000, 0x0000000086000000, 0x0000000086100000|  0%| F|  |TAMS 0x0000000086000000| PB 0x0000000086000000| Untracked 
|  33|0x0000000086100000, 0x0000000086100000, 0x0000000086200000|  0%| F|  |TAMS 0x0000000086100000| PB 0x0000000086100000| Untracked 
|  34|0x0000000086200000, 0x0000000086200000, 0x0000000086300000|  0%| F|  |TAMS 0x0000000086200000| PB 0x0000000086200000| Untracked 
|  35|0x0000000086300000, 0x0000000086300000, 0x0000000086400000|  0%| F|  |TAMS 0x0000000086300000| PB 0x0000000086300000| Untracked 
|  36|0x0000000086400000, 0x0000000086400000, 0x0000000086500000|  0%| F|  |TAMS 0x0000000086400000| PB 0x0000000086400000| Untracked 
|  37|0x0000000086500000, 0x0000000086500000, 0x0000000086600000|  0%| F|  |TAMS 0x0000000086500000| PB 0x0000000086500000| Untracked 
|  38|0x0000000086600000, 0x0000000086600000, 0x0000000086700000|  0%| F|  |TAMS 0x0000000086600000| PB 0x0000000086600000| Untracked 
|  39|0x0000000086700000, 0x0000000086700000, 0x0000000086800000|  0%| F|  |TAMS 0x0000000086700000| PB 0x0000000086700000| Untracked 
|  40|0x0000000086800000, 0x0000000086800000, 0x0000000086900000|  0%| F|  |TAMS 0x0000000086800000| PB 0x0000000086800000| Untracked 
|  41|0x0000000086900000, 0x0000000086900000, 0x0000000086a00000|  0%| F|  |TAMS 0x0000000086900000| PB 0x0000000086900000| Untracked 
|  42|0x0000000086a00000, 0x0000000086a00000, 0x0000000086b00000|  0%| F|  |TAMS 0x0000000086a00000| PB 0x0000000086a00000| Untracked 
|  43|0x0000000086b00000, 0x0000000086b00000, 0x0000000086c00000|  0%| F|  |TAMS 0x0000000086b00000| PB 0x0000000086b00000| Untracked 
|  44|0x0000000086c00000, 0x0000000086c00000, 0x0000000086d00000|  0%| F|  |TAMS 0x0000000086c00000| PB 0x0000000086c00000| Untracked 
|  45|0x0000000086d00000, 0x0000000086d00000, 0x0000000086e00000|  0%| F|  |TAMS 0x0000000086d00000| PB 0x0000000086d00000| Untracked 
|  46|0x0000000086e00000, 0x0000000086e00000, 0x0000000086f00000|  0%| F|  |TAMS 0x0000000086e00000| PB 0x0000000086e00000| Untracked 
|  47|0x0000000086f00000, 0x0000000086f00000, 0x0000000087000000|  0%| F|  |TAMS 0x0000000086f00000| PB 0x0000000086f00000| Untracked 
|  48|0x0000000087000000, 0x0000000087000000, 0x0000000087100000|  0%| F|  |TAMS 0x0000000087000000| PB 0x0000000087000000| Untracked 
|  49|0x0000000087100000, 0x0000000087100000, 0x0000000087200000|  0%| F|  |TAMS 0x0000000087100000| PB 0x0000000087100000| Untracked 
|  50|0x0000000087200000, 0x0000000087200000, 0x0000000087300000|  0%| F|  |TAMS 0x0000000087200000| PB 0x0000000087200000| Untracked 
|  51|0x0000000087300000, 0x0000000087300000, 0x0000000087400000|  0%| F|  |TAMS 0x0000000087300000| PB 0x0000000087300000| Untracked 
|  52|0x0000000087400000, 0x0000000087400000, 0x0000000087500000|  0%| F|  |TAMS 0x0000000087400000| PB 0x0000000087400000| Untracked 
|  53|0x0000000087500000, 0x0000000087500000, 0x0000000087600000|  0%| F|  |TAMS 0x0000000087500000| PB 0x0000000087500000| Untracked 
|  54|0x0000000087600000, 0x0000000087600000, 0x0000000087700000|  0%| F|  |TAMS 0x0000000087600000| PB 0x0000000087600000| Untracked 
|  55|0x0000000087700000, 0x0000000087700000, 0x0000000087800000|  0%| F|  |TAMS 0x0000000087700000| PB 0x0000000087700000| Untracked 
|  56|0x0000000087800000, 0x0000000087800000, 0x0000000087900000|  0%| F|  |TAMS 0x0000000087800000| PB 0x0000000087800000| Untracked 
|  57|0x0000000087900000, 0x0000000087900000, 0x0000000087a00000|  0%| F|  |TAMS 0x0000000087900000| PB 0x0000000087900000| Untracked 
|  58|0x0000000087a00000, 0x0000000087a00000, 0x0000000087b00000|  0%| F|  |TAMS 0x0000000087a00000| PB 0x0000000087a00000| Untracked 
|  59|0x0000000087b00000, 0x0000000087b00000, 0x0000000087c00000|  0%| F|  |TAMS 0x0000000087b00000| PB 0x0000000087b00000| Untracked 
|  60|0x0000000087c00000, 0x0000000087c00000, 0x0000000087d00000|  0%| F|  |TAMS 0x0000000087c00000| PB 0x0000000087c00000| Untracked 
|  61|0x0000000087d00000, 0x0000000087d00000, 0x0000000087e00000|  0%| F|  |TAMS 0x0000000087d00000| PB 0x0000000087d00000| Untracked 
|  62|0x0000000087e00000, 0x0000000087e00000, 0x0000000087f00000|  0%| F|  |TAMS 0x0000000087e00000| PB 0x0000000087e00000| Untracked 
|  63|0x0000000087f00000, 0x0000000087f00000, 0x0000000088000000|  0%| F|  |TAMS 0x0000000087f00000| PB 0x0000000087f00000| Untracked 
|  64|0x0000000088000000, 0x0000000088000000, 0x0000000088100000|  0%| F|  |TAMS 0x0000000088000000| PB 0x0000000088000000| Untracked 
|  65|0x0000000088100000, 0x0000000088100000, 0x0000000088200000|  0%| F|  |TAMS 0x0000000088100000| PB 0x0000000088100000| Untracked 
|  66|0x0000000088200000, 0x0000000088200000, 0x0000000088300000|  0%| F|  |TAMS 0x0000000088200000| PB 0x0000000088200000| Untracked 
|  67|0x0000000088300000, 0x0000000088300000, 0x0000000088400000|  0%| F|  |TAMS 0x0000000088300000| PB 0x0000000088300000| Untracked 
|  68|0x0000000088400000, 0x0000000088400000, 0x0000000088500000|  0%| F|  |TAMS 0x0000000088400000| PB 0x0000000088400000| Untracked 
|  69|0x0000000088500000, 0x0000000088500000, 0x0000000088600000|  0%| F|  |TAMS 0x0000000088500000| PB 0x0000000088500000| Untracked 
|  70|0x0000000088600000, 0x0000000088600000, 0x0000000088700000|  0%| F|  |TAMS 0x0000000088600000| PB 0x0000000088600000| Untracked 
|  71|0x0000000088700000, 0x0000000088700000, 0x0000000088800000|  0%| F|  |TAMS 0x0000000088700000| PB 0x0000000088700000| Untracked 
|  72|0x0000000088800000, 0x0000000088800000, 0x0000000088900000|  0%| F|  |TAMS 0x0000000088800000| PB 0x0000000088800000| Untracked 
|  73|0x0000000088900000, 0x0000000088900000, 0x0000000088a00000|  0%| F|  |TAMS 0x0000000088900000| PB 0x0000000088900000| Untracked 
|  74|0x0000000088a00000, 0x0000000088a00000, 0x0000000088b00000|  0%| F|  |TAMS 0x0000000088a00000| PB 0x0000000088a00000| Untracked 
|  75|0x0000000088b00000, 0x0000000088b00000, 0x0000000088c00000|  0%| F|  |TAMS 0x0000000088b00000| PB 0x0000000088b00000| Untracked 
|  76|0x0000000088c00000, 0x0000000088c00000, 0x0000000088d00000|  0%| F|  |TAMS 0x0000000088c00000| PB 0x0000000088c00000| Untracked 
|  77|0x0000000088d00000, 0x0000000088d00000, 0x0000000088e00000|  0%| F|  |TAMS 0x0000000088d00000| PB 0x0000000088d00000| Untracked 
|  78|0x0000000088e00000, 0x0000000088e00000, 0x0000000088f00000|  0%| F|  |TAMS 0x0000000088e00000| PB 0x0000000088e00000| Untracked 
|  79|0x0000000088f00000, 0x0000000088f00000, 0x0000000089000000|  0%| F|  |TAMS 0x0000000088f00000| PB 0x0000000088f00000| Untracked 
|  80|0x0000000089000000, 0x0000000089000000, 0x0000000089100000|  0%| F|  |TAMS 0x0000000089000000| PB 0x0000000089000000| Untracked 
|  81|0x0000000089100000, 0x0000000089100000, 0x0000000089200000|  0%| F|  |TAMS 0x0000000089100000| PB 0x0000000089100000| Untracked 
|  82|0x0000000089200000, 0x0000000089200000, 0x0000000089300000|  0%| F|  |TAMS 0x0000000089200000| PB 0x0000000089200000| Untracked 
|  83|0x0000000089300000, 0x0000000089300000, 0x0000000089400000|  0%| F|  |TAMS 0x0000000089300000| PB 0x0000000089300000| Untracked 
|  84|0x0000000089400000, 0x0000000089400000, 0x0000000089500000|  0%| F|  |TAMS 0x0000000089400000| PB 0x0000000089400000| Untracked 
|  85|0x0000000089500000, 0x0000000089500000, 0x0000000089600000|  0%| F|  |TAMS 0x0000000089500000| PB 0x0000000089500000| Untracked 
|  86|0x0000000089600000, 0x0000000089600000, 0x0000000089700000|  0%| F|  |TAMS 0x0000000089600000| PB 0x0000000089600000| Untracked 
|  87|0x0000000089700000, 0x0000000089700000, 0x0000000089800000|  0%| F|  |TAMS 0x0000000089700000| PB 0x0000000089700000| Untracked 
|  88|0x0000000089800000, 0x0000000089800000, 0x0000000089900000|  0%| F|  |TAMS 0x0000000089800000| PB 0x0000000089800000| Untracked 
|  89|0x0000000089900000, 0x0000000089900000, 0x0000000089a00000|  0%| F|  |TAMS 0x0000000089900000| PB 0x0000000089900000| Untracked 
|  90|0x0000000089a00000, 0x0000000089a00000, 0x0000000089b00000|  0%| F|  |TAMS 0x0000000089a00000| PB 0x0000000089a00000| Untracked 
|  91|0x0000000089b00000, 0x0000000089b00000, 0x0000000089c00000|  0%| F|  |TAMS 0x0000000089b00000| PB 0x0000000089b00000| Untracked 
|  92|0x0000000089c00000, 0x0000000089c00000, 0x0000000089d00000|  0%| F|  |TAMS 0x0000000089c00000| PB 0x0000000089c00000| Untracked 
|  93|0x0000000089d00000, 0x0000000089d00000, 0x0000000089e00000|  0%| F|  |TAMS 0x0000000089d00000| PB 0x0000000089d00000| Untracked 
|  94|0x0000000089e00000, 0x0000000089e00000, 0x0000000089f00000|  0%| F|  |TAMS 0x0000000089e00000| PB 0x0000000089e00000| Untracked 
|  95|0x0000000089f00000, 0x0000000089f00000, 0x000000008a000000|  0%| F|  |TAMS 0x0000000089f00000| PB 0x0000000089f00000| Untracked 
|  96|0x000000008a000000, 0x000000008a000000, 0x000000008a100000|  0%| F|  |TAMS 0x000000008a000000| PB 0x000000008a000000| Untracked 
|  97|0x000000008a100000, 0x000000008a100000, 0x000000008a200000|  0%| F|  |TAMS 0x000000008a100000| PB 0x000000008a100000| Untracked 
|  98|0x000000008a200000, 0x000000008a200000, 0x000000008a300000|  0%| F|  |TAMS 0x000000008a200000| PB 0x000000008a200000| Untracked 
|  99|0x000000008a300000, 0x000000008a300000, 0x000000008a400000|  0%| F|  |TAMS 0x000000008a300000| PB 0x000000008a300000| Untracked 
| 100|0x000000008a400000, 0x000000008a400000, 0x000000008a500000|  0%| F|  |TAMS 0x000000008a400000| PB 0x000000008a400000| Untracked 
| 101|0x000000008a500000, 0x000000008a500000, 0x000000008a600000|  0%| F|  |TAMS 0x000000008a500000| PB 0x000000008a500000| Untracked 
| 102|0x000000008a600000, 0x000000008a600000, 0x000000008a700000|  0%| F|  |TAMS 0x000000008a600000| PB 0x000000008a600000| Untracked 
| 103|0x000000008a700000, 0x000000008a700000, 0x000000008a800000|  0%| F|  |TAMS 0x000000008a700000| PB 0x000000008a700000| Untracked 
| 104|0x000000008a800000, 0x000000008a800000, 0x000000008a900000|  0%| F|  |TAMS 0x000000008a800000| PB 0x000000008a800000| Untracked 
| 105|0x000000008a900000, 0x000000008a900000, 0x000000008aa00000|  0%| F|  |TAMS 0x000000008a900000| PB 0x000000008a900000| Untracked 
| 106|0x000000008aa00000, 0x000000008aa00000, 0x000000008ab00000|  0%| F|  |TAMS 0x000000008aa00000| PB 0x000000008aa00000| Untracked 
| 107|0x000000008ab00000, 0x000000008ab00000, 0x000000008ac00000|  0%| F|  |TAMS 0x000000008ab00000| PB 0x000000008ab00000| Untracked 
| 108|0x000000008ac00000, 0x000000008ac76038, 0x000000008ad00000| 46%| E|  |TAMS 0x000000008ac00000| PB 0x000000008ac00000| Complete 
| 109|0x000000008ad00000, 0x000000008ae00000, 0x000000008ae00000|100%| E|CS|TAMS 0x000000008ad00000| PB 0x000000008ad00000| Complete 
| 110|0x000000008ae00000, 0x000000008af00000, 0x000000008af00000|100%| E|CS|TAMS 0x000000008ae00000| PB 0x000000008ae00000| Complete 
| 111|0x000000008af00000, 0x000000008b000000, 0x000000008b000000|100%| E|CS|TAMS 0x000000008af00000| PB 0x000000008af00000| Complete 
| 112|0x000000008b000000, 0x000000008b100000, 0x000000008b100000|100%| E|CS|TAMS 0x000000008b000000| PB 0x000000008b000000| Complete 
| 113|0x000000008b100000, 0x000000008b200000, 0x000000008b200000|100%| E|  |TAMS 0x000000008b100000| PB 0x000000008b100000| Complete 
| 114|0x000000008b200000, 0x000000008b300000, 0x000000008b300000|100%| E|CS|TAMS 0x000000008b200000| PB 0x000000008b200000| Complete 
| 115|0x000000008b300000, 0x000000008b400000, 0x000000008b400000|100%| E|CS|TAMS 0x000000008b300000| PB 0x000000008b300000| Complete 
| 116|0x000000008b400000, 0x000000008b500000, 0x000000008b500000|100%| E|CS|TAMS 0x000000008b400000| PB 0x000000008b400000| Complete 
| 117|0x000000008b500000, 0x000000008b600000, 0x000000008b600000|100%| E|CS|TAMS 0x000000008b500000| PB 0x000000008b500000| Complete 
| 118|0x000000008b600000, 0x000000008b700000, 0x000000008b700000|100%| E|CS|TAMS 0x000000008b600000| PB 0x000000008b600000| Complete 
| 119|0x000000008b700000, 0x000000008b800000, 0x000000008b800000|100%| E|CS|TAMS 0x000000008b700000| PB 0x000000008b700000| Complete 
| 120|0x000000008b800000, 0x000000008b900000, 0x000000008b900000|100%| E|CS|TAMS 0x000000008b800000| PB 0x000000008b800000| Complete 
| 121|0x000000008b900000, 0x000000008ba00000, 0x000000008ba00000|100%| E|CS|TAMS 0x000000008b900000| PB 0x000000008b900000| Complete 
| 122|0x000000008ba00000, 0x000000008bb00000, 0x000000008bb00000|100%| E|CS|TAMS 0x000000008ba00000| PB 0x000000008ba00000| Complete 
| 123|0x000000008bb00000, 0x000000008bc00000, 0x000000008bc00000|100%| E|CS|TAMS 0x000000008bb00000| PB 0x000000008bb00000| Complete 

Card table byte_map: [0x00000249ff060000,0x00000249ff440000] _byte_map_base: 0x00000249fec40000

Marking Bits: (CMBitMap*) 0x00000249fb242480
 Bits: [0x0000024983000000, 0x0000024984f00000)

Polling page: 0x00000249f91b0000

Metaspace:

Usage:
  Non-class:      3.37 MB used.
      Class:    462.28 KB used.
       Both:      3.82 MB used.

Virtual space:
  Non-class space:       64.00 MB reserved,       3.44 MB (  5%) committed,  1 nodes.
      Class space:        1.00 GB reserved,     512.00 KB ( <1%) committed,  1 nodes.
             Both:        1.06 GB reserved,       3.94 MB ( <1%) committed. 

Chunk freelists:
   Non-Class:  11.91 MB
       Class:  15.52 MB
        Both:  27.43 MB

MaxMetaspaceSize: unlimited
CompressedClassSpaceSize: 1.00 GB
Initial GC threshold: 21.00 MB
Current GC threshold: 21.00 MB
CDS: on
 - commit_granule_bytes: 65536.
 - commit_granule_words: 8192.
 - virtual_space_node_default_size: 8388608.
 - enlarge_chunks_in_place: 1.
 - use_allocation_guard: 0.


Internal statistics:

num_allocs_failed_limit: 0.
num_arena_births: 92.
num_arena_deaths: 0.
num_vsnodes_births: 2.
num_vsnodes_deaths: 0.
num_space_committed: 63.
num_space_uncommitted: 0.
num_chunks_returned_to_freelist: 0.
num_chunks_taken_from_freelist: 95.
num_chunk_merges: 0.
num_chunk_splits: 68.
num_chunks_enlarged: 43.
num_inconsistent_stats: 0.

CodeCache: size=49152Kb used=4501Kb max_used=4501Kb free=44650Kb
 bounds [0x0000024980000000, 0x0000024980470000, 0x0000024983000000]
 total_blobs=1497 nmethods=1053 adapters=366
 compilation: enabled
              stopped_count=0, restarted_count=0
 full_count=0

Compilation events (20 events):
Event: 4.659 Thread 0x00000249cc0f5880 1041       1       java.util.concurrent.atomic.AtomicLong::compareAndSet (13 bytes)
Event: 4.659 Thread 0x00000249cc000080 1042       1       java.util.Random::nextBoolean (14 bytes)
Event: 4.659 Thread 0x00000249cc0fbbc0 1043       1       java.util.Random::next (47 bytes)
Event: 4.659 Thread 0x00000249cc0f5880 nmethod 1041 0x0000024980460b90 code [0x0000024980460d20, 0x0000024980460e08]
Event: 4.659 Thread 0x00000249cc000080 nmethod 1042 0x0000024980460e90 code [0x0000024980461040, 0x0000024980461148]
Event: 4.659 Thread 0x00000249cc0fbbc0 nmethod 1043 0x0000024980461210 code [0x00000249804613a0, 0x00000249804614f0]
Event: 4.663 Thread 0x00000249cc0fbbc0 1046       1       jdk.internal.org.objectweb.asm.SymbolTable::addTypeInternal (85 bytes)
Event: 4.663 Thread 0x00000249cc0fbbc0 nmethod 1046 0x0000024980461c10 code [0x0000024980461de0, 0x0000024980462280]
Event: 4.664 Thread 0x00000249cc0fbbc0 1047       1       java.lang.Integer::rotateRight (9 bytes)
Event: 4.664 Thread 0x00000249cc0fbbc0 nmethod 1047 0x0000024980462410 code [0x00000249804625a0, 0x0000024980462658]
Event: 4.665 Thread 0x00000249cc0fbbc0 1049       1       java.lang.invoke.MethodHandles$Lookup::checkSecurityManager (97 bytes)
Event: 4.665 Thread 0x00000249cc0fbbc0 nmethod 1049 0x0000024980462b10 code [0x0000024980462cc0, 0x0000024980462ef8]
Event: 4.665 Thread 0x00000249cc0f5880 1050       1       java.util.Arrays::fill (21 bytes)
Event: 4.666 Thread 0x00000249cc0f5880 nmethod 1050 0x0000024980463010 code [0x00000249804631a0, 0x0000024980463270]
Event: 4.666 Thread 0x00000249cc0f5880 1051       1       jdk.internal.org.objectweb.asm.ByteVector::enlarge (73 bytes)
Event: 4.666 Thread 0x00000249cc0f5880 nmethod 1051 0x0000024980463310 code [0x00000249804634e0, 0x00000249804637d8]
Event: 4.667 Thread 0x00000249cc0f5880 1052   !   1       java.lang.invoke.MethodHandle::setVarargs (50 bytes)
Event: 4.667 Thread 0x00000249cc0fbbc0 1053       1       java.lang.invoke.MemberName::isVarargs (23 bytes)
Event: 4.668 Thread 0x00000249cc0fbbc0 nmethod 1053 0x0000024980463910 code [0x0000024980463aa0, 0x0000024980463bc0]
Event: 4.668 Thread 0x00000249cc0f5880 nmethod 1052 0x0000024980463c10 code [0x0000024980463e40, 0x0000024980464268]

GC Heap History (0 events):
No events

Dll operation events (8 events):
Event: 0.007 Loaded shared library S:\adv_java\javaSoftwares\sts-4.30.0.RELEASE\plugins\org.eclipse.justj.openjdk.hotspot.jre.full.win32.x86_64_21.0.6.v20250130-0529\jre\bin\java.dll
Event: 0.033 Loaded shared library S:\adv_java\javaSoftwares\sts-4.30.0.RELEASE\plugins\org.eclipse.justj.openjdk.hotspot.jre.full.win32.x86_64_21.0.6.v20250130-0529\jre\bin\zip.dll
Event: 1.158 Loaded shared library S:\adv_java\javaSoftwares\sts-4.30.0.RELEASE\plugins\org.eclipse.justj.openjdk.hotspot.jre.full.win32.x86_64_21.0.6.v20250130-0529\jre\bin\jimage.dll
Event: 1.163 Loaded shared library S:\adv_java\javaSoftwares\sts-4.30.0.RELEASE\plugins\org.eclipse.justj.openjdk.hotspot.jre.full.win32.x86_64_21.0.6.v20250130-0529\jre\bin\net.dll
Event: 1.165 Loaded shared library S:\adv_java\javaSoftwares\sts-4.30.0.RELEASE\plugins\org.eclipse.justj.openjdk.hotspot.jre.full.win32.x86_64_21.0.6.v20250130-0529\jre\bin\nio.dll
Event: 1.167 Loaded shared library S:\adv_java\javaSoftwares\sts-4.30.0.RELEASE\plugins\org.eclipse.justj.openjdk.hotspot.jre.full.win32.x86_64_21.0.6.v20250130-0529\jre\bin\zip.dll
Event: 1.337 Loaded shared library S:\adv_java\javaSoftwares\sts-4.30.0.RELEASE\plugins\org.eclipse.justj.openjdk.hotspot.jre.full.win32.x86_64_21.0.6.v20250130-0529\jre\bin\management.dll
Event: 1.349 Loaded shared library S:\adv_java\javaSoftwares\sts-4.30.0.RELEASE\plugins\org.eclipse.justj.openjdk.hotspot.jre.full.win32.x86_64_21.0.6.v20250130-0529\jre\bin\management_ext.dll

Deoptimization events (0 events):
No events

Classes loaded (20 events):
Event: 4.664 Loading class sun/security/provider/SHA2 done
Event: 4.664 Loading class sun/security/provider/SHA2$SHA256 done
Event: 4.666 Loading class sun/rmi/transport/tcp/TCPEndpoint
Event: 4.666 Loading class sun/rmi/transport/Endpoint
Event: 4.666 Loading class sun/rmi/transport/Endpoint done
Event: 4.666 Loading class sun/rmi/transport/tcp/TCPEndpoint done
Event: 4.666 Loading class sun/rmi/transport/tcp/TCPTransport
Event: 4.667 Loading class sun/rmi/transport/Transport
Event: 4.667 Loading class sun/rmi/transport/Transport done
Event: 4.667 Loading class sun/rmi/transport/tcp/TCPTransport done
Event: 4.668 Loading class java/util/concurrent/ThreadPoolExecutor
Event: 4.668 Loading class java/util/concurrent/ThreadPoolExecutor done
Event: 4.668 Loading class java/util/concurrent/ThreadPoolExecutor$AbortPolicy
Event: 4.668 Loading class java/util/concurrent/RejectedExecutionHandler
Event: 4.668 Loading class java/util/concurrent/RejectedExecutionHandler done
Event: 4.668 Loading class java/util/concurrent/ThreadPoolExecutor$AbortPolicy done
Event: 4.668 Loading class java/util/concurrent/SynchronousQueue
Event: 4.668 Loading class java/util/concurrent/BlockingQueue
Event: 4.668 Loading class java/util/concurrent/BlockingQueue done
Event: 4.668 Loading class java/util/AbstractQueue

Classes unloaded (0 events):
No events

Classes redefined (0 events):
No events

Internal exceptions (9 events):
Event: 1.352 Thread 0x00000249f8e66f40 Exception <a 'java/lang/NoSuchMethodError'{0x000000008b334dc0}: 'int java.lang.invoke.DirectMethodHandle$Holder.invokeInterface(java.lang.Object, java.lang.Object)'> (0x000000008b334dc0) 
thrown [s\src\hotspot\share\interpreter\linkResolver.cpp, line 773]
Event: 1.353 Thread 0x00000249f8e66f40 Exception <a 'java/lang/IncompatibleClassChangeError'{0x000000008b3381c8}: Found class java.lang.Object, but interface was expected> (0x000000008b3381c8) 
thrown [s\src\hotspot\share\interpreter\linkResolver.cpp, line 840]
Event: 1.353 Thread 0x00000249f8e66f40 Exception <a 'java/lang/NoSuchMethodError'{0x000000008b33d558}: 'void java.lang.invoke.DirectMethodHandle$Holder.invokeStatic(java.lang.Object, java.lang.Object)'> (0x000000008b33d558) 
thrown [s\src\hotspot\share\interpreter\linkResolver.cpp, line 773]
Event: 1.397 Thread 0x00000249f8e66f40 Exception <a 'java/lang/NoSuchMethodError'{0x000000008b20e088}: 'int java.lang.invoke.DirectMethodHandle$Holder.invokeSpecial(java.lang.Object, java.lang.Object, java.lang.Object)'> (0x000000008b20e088) 
thrown [s\src\hotspot\share\interpreter\linkResolver.cpp, line 773]
Event: 2.465 Thread 0x00000249f8e66f40 Exception <a 'java/lang/NoSuchMethodError'{0x000000008b1b9f78}: 'java.lang.Object java.lang.invoke.DirectMethodHandle$Holder.invokeStaticInit(java.lang.Object, java.lang.Object, java.lang.Object)'> (0x000000008b1b9f78) 
thrown [s\src\hotspot\share\interpreter\linkResolver.cpp, line 773]
Event: 2.515 Thread 0x00000249f8e66f40 Exception <a 'java/lang/NoSuchMethodError'{0x000000008ae7fe38}: 'void java.lang.invoke.DirectMethodHandle$Holder.invokeStatic(java.lang.Object, java.lang.Object, java.lang.Object)'> (0x000000008ae7fe38) 
thrown [s\src\hotspot\share\interpreter\linkResolver.cpp, line 773]
Event: 3.566 Thread 0x00000249f8e66f40 Exception <a 'java/lang/NoSuchMethodError'{0x000000008aec89e0}: 'int java.lang.invoke.DirectMethodHandle$Holder.invokeSpecialIFC(java.lang.Object, java.lang.Object, java.lang.Object)'> (0x000000008aec89e0) 
thrown [s\src\hotspot\share\interpreter\linkResolver.cpp, line 773]
Event: 3.607 Thread 0x00000249f8e66f40 Exception <a 'java/lang/NoSuchMethodError'{0x000000008ad3e6e8}: 'java.lang.Object java.lang.invoke.DirectMethodHandle$Holder.invokeStaticInit(java.lang.Object, int, int, int, int)'> (0x000000008ad3e6e8) 
thrown [s\src\hotspot\share\interpreter\linkResolver.cpp, line 773]
Event: 4.663 Thread 0x00000249f8e66f40 Exception <a 'java/lang/NoSuchMethodError'{0x000000008ac03148}: 'java.lang.Object java.lang.invoke.DirectMethodHandle$Holder.invokeStaticInit(java.lang.Object, java.lang.Object, int, int, int, int)'> (0x000000008ac03148) 
thrown [s\src\hotspot\share\interpreter\linkResolver.cpp, line 773]

ZGC Phase Switch (0 events):
No events

VM Operations (19 events):
Event: 1.033 Executing VM operation: Cleanup
Event: 1.127 Executing VM operation: Cleanup done
Event: 1.135 Executing VM operation: HandshakeAllThreads (Deoptimize)
Event: 1.136 Executing VM operation: HandshakeAllThreads (Deoptimize) done
Event: 1.357 Executing VM operation: HandshakeAllThreads (Deoptimize)
Event: 1.357 Executing VM operation: HandshakeAllThreads (Deoptimize) done
Event: 1.358 Executing VM operation: HandshakeAllThreads (Deoptimize)
Event: 1.358 Executing VM operation: HandshakeAllThreads (Deoptimize) done
Event: 2.358 Executing VM operation: Cleanup
Event: 2.436 Executing VM operation: Cleanup done
Event: 3.450 Executing VM operation: Cleanup
Event: 3.546 Executing VM operation: Cleanup done
Event: 3.550 Executing VM operation: HandshakeAllThreads (Deoptimize)
Event: 3.550 Executing VM operation: HandshakeAllThreads (Deoptimize) done
Event: 3.582 Executing VM operation: HandshakeAllThreads (Deoptimize)
Event: 3.582 Executing VM operation: HandshakeAllThreads (Deoptimize) done
Event: 4.594 Executing VM operation: Cleanup
Event: 4.641 Executing VM operation: Cleanup done
Event: 5.644 Executing VM operation: Cleanup

Memory protections (0 events):
No events

Nmethod flushes (0 events):
No events

Events (13 events):
Event: 0.019 Thread 0x00000249f8e66f40 Thread added: 0x00000249f8e66f40
Event: 0.035 Thread 0x00000249f8e66f40 Thread added: 0x00000249ff954610
Event: 0.035 Thread 0x00000249f8e66f40 Thread added: 0x00000249ff955060
Event: 0.035 Thread 0x00000249f8e66f40 Thread added: 0x00000249ff959aa0
Event: 0.035 Thread 0x00000249f8e66f40 Thread added: 0x00000249ff95a4f0
Event: 0.035 Thread 0x00000249f8e66f40 Thread added: 0x00000249ff964520
Event: 0.035 Thread 0x00000249f8e66f40 Thread added: 0x00000249ff969ca0
Event: 0.035 Thread 0x00000249f8e66f40 Thread added: 0x00000249cc000080
Event: 1.130 Thread 0x00000249f8e66f40 Thread added: 0x00000249cc0f3ed0
Event: 1.135 Thread 0x00000249cc000080 Thread added: 0x00000249cc0f5880
Event: 1.138 Thread 0x00000249cc0f5880 Thread added: 0x00000249cc0fbbc0
Event: 1.139 Thread 0x00000249cc0f5880 Thread added: 0x00000249cc0fe270
Event: 1.151 Thread 0x00000249f8e66f40 Thread added: 0x00000249cc185390


Dynamic libraries:
0x00007ff62c7c0000 - 0x00007ff62c7ce000 	S:\adv_java\javaSoftwares\sts-4.30.0.RELEASE\plugins\org.eclipse.justj.openjdk.hotspot.jre.full.win32.x86_64_21.0.6.v20250130-0529\jre\bin\javaw.exe
0x00007ff92e6a0000 - 0x00007ff92e906000 	C:\WINDOWS\SYSTEM32\ntdll.dll
0x00007ff92d350000 - 0x00007ff92d419000 	C:\WINDOWS\System32\KERNEL32.DLL
0x00007ff92bf20000 - 0x00007ff92c2ec000 	C:\WINDOWS\System32\KERNELBASE.dll
0x00007ff92b830000 - 0x00007ff92b97b000 	C:\WINDOWS\System32\ucrtbase.dll
0x00007ff91a390000 - 0x00007ff91a3ae000 	S:\adv_java\javaSoftwares\sts-4.30.0.RELEASE\plugins\org.eclipse.justj.openjdk.hotspot.jre.full.win32.x86_64_21.0.6.v20250130-0529\jre\bin\VCRUNTIME140.dll
0x00007ff902d10000 - 0x00007ff902d28000 	S:\adv_java\javaSoftwares\sts-4.30.0.RELEASE\plugins\org.eclipse.justj.openjdk.hotspot.jre.full.win32.x86_64_21.0.6.v20250130-0529\jre\bin\jli.dll
0x00007ff92d0a0000 - 0x00007ff92d26a000 	C:\WINDOWS\System32\USER32.dll
0x00007ff916f90000 - 0x00007ff91722a000 	C:\WINDOWS\WinSxS\amd64_microsoft.windows.common-controls_6595b64144ccf1df_6.0.26100.3912_none_3e07963ce335137e\COMCTL32.dll
0x00007ff92be50000 - 0x00007ff92be77000 	C:\WINDOWS\System32\win32u.dll
0x00007ff92da70000 - 0x00007ff92db19000 	C:\WINDOWS\System32\msvcrt.dll
0x00007ff92d320000 - 0x00007ff92d34b000 	C:\WINDOWS\System32\GDI32.dll
0x00007ff92bd10000 - 0x00007ff92be42000 	C:\WINDOWS\System32\gdi32full.dll
0x00007ff92c2f0000 - 0x00007ff92c393000 	C:\WINDOWS\System32\msvcp_win.dll
0x00007ff92dce0000 - 0x00007ff92dd10000 	C:\WINDOWS\System32\IMM32.DLL
0x00007ff922f30000 - 0x00007ff922f3c000 	S:\adv_java\javaSoftwares\sts-4.30.0.RELEASE\plugins\org.eclipse.justj.openjdk.hotspot.jre.full.win32.x86_64_21.0.6.v20250130-0529\jre\bin\vcruntime140_1.dll
0x00007ff8daaf0000 - 0x00007ff8dab7d000 	S:\adv_java\javaSoftwares\sts-4.30.0.RELEASE\plugins\org.eclipse.justj.openjdk.hotspot.jre.full.win32.x86_64_21.0.6.v20250130-0529\jre\bin\msvcp140.dll
0x00007ff8bd200000 - 0x00007ff8bdf90000 	S:\adv_java\javaSoftwares\sts-4.30.0.RELEASE\plugins\org.eclipse.justj.openjdk.hotspot.jre.full.win32.x86_64_21.0.6.v20250130-0529\jre\bin\server\jvm.dll
0x00007ff92dda0000 - 0x00007ff92de52000 	C:\WINDOWS\System32\ADVAPI32.dll
0x00007ff92c600000 - 0x00007ff92c6a6000 	C:\WINDOWS\System32\sechost.dll
0x00007ff92e1f0000 - 0x00007ff92e306000 	C:\WINDOWS\System32\RPCRT4.dll
0x00007ff92c570000 - 0x00007ff92c5e4000 	C:\WINDOWS\System32\WS2_32.dll
0x00007ff92b6a0000 - 0x00007ff92b6fe000 	C:\WINDOWS\SYSTEM32\POWRPROF.dll
0x00007ff91e8f0000 - 0x00007ff91e926000 	C:\WINDOWS\SYSTEM32\WINMM.dll
0x00007ff924340000 - 0x00007ff92434b000 	C:\WINDOWS\SYSTEM32\VERSION.dll
0x00007ff92b680000 - 0x00007ff92b694000 	C:\WINDOWS\SYSTEM32\UMPDC.dll
0x00007ff92a5b0000 - 0x00007ff92a5ca000 	C:\WINDOWS\SYSTEM32\kernel.appcore.dll
0x00007ff917810000 - 0x00007ff91781a000 	S:\adv_java\javaSoftwares\sts-4.30.0.RELEASE\plugins\org.eclipse.justj.openjdk.hotspot.jre.full.win32.x86_64_21.0.6.v20250130-0529\jre\bin\jimage.dll
0x00007ff928c60000 - 0x00007ff928ea1000 	C:\WINDOWS\SYSTEM32\DBGHELP.DLL
0x00007ff92de60000 - 0x00007ff92e1e4000 	C:\WINDOWS\System32\combase.dll
0x00007ff92c6d0000 - 0x00007ff92c7b0000 	C:\WINDOWS\System32\OLEAUT32.dll
0x00007ff917570000 - 0x00007ff9175a9000 	C:\WINDOWS\SYSTEM32\dbgcore.DLL
0x00007ff92be80000 - 0x00007ff92bf19000 	C:\WINDOWS\System32\bcryptPrimitives.dll
0x00007ff8f3360000 - 0x00007ff8f337f000 	S:\adv_java\javaSoftwares\sts-4.30.0.RELEASE\plugins\org.eclipse.justj.openjdk.hotspot.jre.full.win32.x86_64_21.0.6.v20250130-0529\jre\bin\java.dll
0x00007ff92c7c0000 - 0x00007ff92ceed000 	C:\WINDOWS\System32\SHELL32.dll
0x00007ff92bb90000 - 0x00007ff92bd04000 	C:\WINDOWS\System32\wintypes.dll
0x00007ff929480000 - 0x00007ff929cd6000 	C:\WINDOWS\SYSTEM32\windows.storage.dll
0x00007ff92cf50000 - 0x00007ff92d03f000 	C:\WINDOWS\System32\SHCORE.dll
0x00007ff92c460000 - 0x00007ff92c4c9000 	C:\WINDOWS\System32\shlwapi.dll
0x00007ff92b740000 - 0x00007ff92b76f000 	C:\WINDOWS\SYSTEM32\profapi.dll
0x00007ff8f3340000 - 0x00007ff8f3358000 	S:\adv_java\javaSoftwares\sts-4.30.0.RELEASE\plugins\org.eclipse.justj.openjdk.hotspot.jre.full.win32.x86_64_21.0.6.v20250130-0529\jre\bin\zip.dll
0x00007ff907070000 - 0x00007ff907080000 	S:\adv_java\javaSoftwares\sts-4.30.0.RELEASE\plugins\org.eclipse.justj.openjdk.hotspot.jre.full.win32.x86_64_21.0.6.v20250130-0529\jre\bin\net.dll
0x00007ff9241a0000 - 0x00007ff9242be000 	C:\WINDOWS\SYSTEM32\WINHTTP.dll
0x00007ff92ab00000 - 0x00007ff92ab6a000 	C:\WINDOWS\system32\mswsock.dll
0x00007ff8f3250000 - 0x00007ff8f3266000 	S:\adv_java\javaSoftwares\sts-4.30.0.RELEASE\plugins\org.eclipse.justj.openjdk.hotspot.jre.full.win32.x86_64_21.0.6.v20250130-0529\jre\bin\nio.dll
0x00007ff919b10000 - 0x00007ff919b1a000 	S:\adv_java\javaSoftwares\sts-4.30.0.RELEASE\plugins\org.eclipse.justj.openjdk.hotspot.jre.full.win32.x86_64_21.0.6.v20250130-0529\jre\bin\management.dll
0x00007ff9177b0000 - 0x00007ff9177bb000 	S:\adv_java\javaSoftwares\sts-4.30.0.RELEASE\plugins\org.eclipse.justj.openjdk.hotspot.jre.full.win32.x86_64_21.0.6.v20250130-0529\jre\bin\management_ext.dll
0x00007ff92d520000 - 0x00007ff92d528000 	C:\WINDOWS\System32\PSAPI.DLL
0x00007ff90b980000 - 0x00007ff90b998000 	C:\WINDOWS\system32\napinsp.dll
0x00007ff92a010000 - 0x00007ff92a137000 	C:\WINDOWS\SYSTEM32\DNSAPI.dll
0x00007ff929fd0000 - 0x00007ff92a003000 	C:\WINDOWS\SYSTEM32\IPHLPAPI.DLL
0x00007ff92c560000 - 0x00007ff92c56a000 	C:\WINDOWS\System32\NSI.dll
0x00007ff90b960000 - 0x00007ff90b972000 	C:\WINDOWS\System32\winrnr.dll
0x00007ff90af20000 - 0x00007ff90af50000 	C:\WINDOWS\system32\nlansp_c.dll
0x00007ff90ae10000 - 0x00007ff90ae30000 	C:\WINDOWS\system32\wshbth.dll
0x00007ff9220a0000 - 0x00007ff9220ab000 	C:\Windows\System32\rasadhlp.dll
0x00007ff922350000 - 0x00007ff9223d6000 	C:\WINDOWS\System32\fwpuclnt.dll
0x00007ff92ade0000 - 0x00007ff92adfc000 	C:\WINDOWS\SYSTEM32\CRYPTSP.dll
0x00007ff92a510000 - 0x00007ff92a54a000 	C:\WINDOWS\system32\rsaenh.dll
0x00007ff92aba0000 - 0x00007ff92abcb000 	C:\WINDOWS\SYSTEM32\USERENV.dll
0x00007ff92b710000 - 0x00007ff92b736000 	C:\WINDOWS\SYSTEM32\bcrypt.dll
0x00007ff92ad40000 - 0x00007ff92ad4c000 	C:\WINDOWS\SYSTEM32\CRYPTBASE.dll

dbghelp: loaded successfully - version: 4.0.5 - missing functions: none
symbol engine: initialized successfully - sym options: 0x614 - pdb path: .;S:\adv_java\javaSoftwares\sts-4.30.0.RELEASE\plugins\org.eclipse.justj.openjdk.hotspot.jre.full.win32.x86_64_21.0.6.v20250130-0529\jre\bin;C:\WINDOWS\SYSTEM32;C:\WINDOWS\WinSxS\amd64_microsoft.windows.common-controls_6595b64144ccf1df_6.0.26100.3912_none_3e07963ce335137e;S:\adv_java\javaSoftwares\sts-4.30.0.RELEASE\plugins\org.eclipse.justj.openjdk.hotspot.jre.full.win32.x86_64_21.0.6.v20250130-0529\jre\bin\server

VM Arguments:
jvm_args: -Dcom.sun.management.jmxremote -Dcom.sun.management.jmxremote.port=5962 -Dcom.sun.management.jmxremote.authenticate=false -Dcom.sun.management.jmxremote.ssl=false -Djava.rmi.server.hostname=localhost -Dspring.jmx.enabled=true -Dmanagement.endpoints.jmx.exposure.include=* -Dspring.application.admin.enabled=true -Dspring.output.ansi.enabled=always -XX:TieredStopAtLevel=1 -Dspring.boot.project.name=marketplace-order-service -Dfile.encoding=UTF-8 -Dstdout.encoding=UTF-8 -Dstderr.encoding=UTF-8 -XX:+ShowCodeDetailsInExceptionMessages 
java_command: com.agriverse.marketplaceorder.MarketplaceOrderServiceApplication
java_class_path (initial): S:\Project\marketplace-order-service\target\classes;C:\Users\suraj\.m2\repository\org\springframework\boot\spring-boot-starter-data-jpa\4.0.0-SNAPSHOT\spring-boot-starter-data-jpa-4.0.0-SNAPSHOT.jar;C:\Users\suraj\.m2\repository\org\springframework\boot\spring-boot-starter-jdbc\4.0.0-SNAPSHOT\spring-boot-starter-jdbc-4.0.0-SNAPSHOT.jar;C:\Users\suraj\.m2\repository\org\springframework\boot\spring-boot-jdbc\4.0.0-SNAPSHOT\spring-boot-jdbc-4.0.0-SNAPSHOT.jar;C:\Users\suraj\.m2\repository\org\springframework\boot\spring-boot-sql\4.0.0-SNAPSHOT\spring-boot-sql-4.0.0-SNAPSHOT.jar;C:\Users\suraj\.m2\repository\org\springframework\spring-jdbc\7.0.0-M7\spring-jdbc-7.0.0-M7.jar;C:\Users\suraj\.m2\repository\org\springframework\boot\spring-boot-tx\4.0.0-SNAPSHOT\spring-boot-tx-4.0.0-SNAPSHOT.jar;C:\Users\suraj\.m2\repository\com\zaxxer\HikariCP\6.3.1\HikariCP-6.3.1.jar;C:\Users\suraj\.m2\repository\org\springframework\boot\spring-boot-data-jpa\4.0.0-SNAPSHOT\spring-boot-data-jpa-4.0.0-SNAPSHOT.jar;C:\Users\suraj\.m2\repository\org\springframework\boot\spring-boot-data-commons\4.0.0-SNAPSHOT\spring-boot-data-commons-4.0.0-SNAPSHOT.jar;C:\Users\suraj\.m2\repository\org\springframework\data\spring-data-commons\4.0.0-M4\spring-data-commons-4.0.0-M4.jar;C:\Users\suraj\.m2\repository\org\springframework\boot\spring-boot-hibernate\4.0.0-SNAPSHOT\spring-boot-hibernate-4.0.0-SNAPSHOT.jar;C:\Users\suraj\.m2\repository\org\springframework\boot\spring-boot-jpa\4.0.0-SNAPSHOT\spring-boot-jpa-4.0.0-SNAPSHOT.jar;C:\Users\suraj\.m2\repository\jakarta\persistence\jakarta.persistence-api\3.2.0\jakarta.persistence-api-3.2.0.jar;C:\Users\suraj\.m2\repository\org\hibernate\orm\hibernate-core\7.0.7.Final\hibernate-core-7.0.7.Final.jar;C:\Users\suraj\.m2\repository\jakarta\transaction\jakarta.transaction-api\2.0.1\jakarta.transaction-api-2.0.1.jar;C:\Users\suraj\.m2\repository\org\jboss\logging\jboss-logging\3.6.1.Final\jboss-logging-3.6.1.Final.jar;C:\Users\suraj\.m2\repository\org\hibernate\models\hibernate-models\1.0.0\hibernate-models-1.0.0.jar;C:\Users\suraj\.m2\repository\com\fasterxml\classmate\1.7.0\classmate-1.7.0.jar;C:\Users\suraj\.m2\repository\org\glassfish\jaxb\jaxb-runtime\4.0.5\jaxb-runtime-4.0.5.jar;C:\Users\suraj\.m2\repository\org\glassfish\jaxb\jaxb-core\4.0.5\jaxb-core-4.0.5.jar;C:\Users\suraj\.m2\repository\org\eclipse\angus\angus-activation\2.0.2\angus-activation-2.0.2.jar;C:\Users\suraj\.m2\repository\org\glassfish\jaxb\txw2\4.0.5\txw2-4.0.5.jar;C:\Users\suraj\.m2\repository\com\sun\istack\istack-commons-runtime\4.1.2\istack-commons-runtime-4.1.2.jar;C:\Users\suraj\.m2\repository\jakarta\inject\jakarta.inject-api\2.0.1\jakarta.inject-api-2.0.1.jar;C:\Users\suraj\.m2\repository\org\springframework\spring-orm\7.0.0-M7\spring-orm-7.0.0-M7.jar;C:\Users\suraj\.m2\repository\org\springframework\data\spring-data-jpa\4.0.0-M4\spring-data-jpa-4.0.0-M4.jar;C:\Users\suraj\.m2\repository\org\springframework\spring-tx\7.0.0-M7\spring-tx-7.0.0-M7.jar;C:\Users\suraj\.m2\repository\org\antlr\antlr4-runtime\4.13.2\antlr4-runtime-4.13.2.jar;C:\Users\suraj\.m2\repository\org\springframework\spring-aspects\7.0.0-M7\spring-aspects-7.0.0-M7.jar;C:\Users\suraj\.m2\repository\org\aspectj\aspectjweaver\1.9.24\aspectjweaver-1.9.24.jar;C:\Users\suraj\.m2\repository\org\springframework\boot\spring-boot-starter-security\4.0.0-SNAPSHOT\spring-boot-starter-security-4.0.0-SNAPSHOT.jar;C:\Users\suraj\.m2\repository\org\springframework\boot\spring-boot-starter\4.0.0-SNAPSHOT\spring-boot-starter-4.0.0-SNAPSHOT.jar;C:\Users\suraj\.m2\repository\org\springframework\boot\spring-boot-starter-logging\4.0.0-SNAPSHOT\spring-boot-starter-logging-4.0.0-SNAPSHOT.jar;C:\Users\suraj\.m2\repository\org\springframework\boot\spring-boot-starter-logback\4.0.0-SNAPSHOT\spring-boot-starter-logback-4.0.0-SNAPSHOT.jar;C:\Users\suraj\.m2\repository\ch\qos\logback\logback-classic\1.5.18\logback-classic-1.5.18.jar;C:\Users\suraj\.m2\repository\ch\qos\logback\logback-core\1.5.18\logback-core-1.5.18.jar;C:\Users\suraj\.m2\repository\org\apache\logging\log4j\log4j-to-slf4j\2.24.3\log4j-to-slf4j-2.24.3.jar;C:\Users\suraj\.m2\repository\org\apache\logging\log4j\log4j-api\2.24.3\log4j-api-2.24.3.jar;C:\Users\suraj\.m2\repository\org\slf4j\jul-to-slf4j\2.0.17\jul-to-slf4j-2.0.17.jar;C:\Users\suraj\.m2\repository\jakarta\annotation\jakarta.annotation-api\3.0.0\jakarta.annotation-api-3.0.0.jar;C:\Users\suraj\.m2\repository\org\yaml\snakeyaml\2.4\snakeyaml-2.4.jar;C:\Users\suraj\.m2\repository\org\springframework\boot\spring-boot-security\4.0.0-SNAPSHOT\spring-boot-security-4.0.0-SNAPSHOT.jar;C:\Users\suraj\.m2\repository\org\springframework\security\spring-security-config\7.0.0-M1\spring-security-config-7.0.0-M1.jar;C:\Users\suraj\.m2\repository\org\springframework\spring-aop\7.0.0-M7\spring-aop-7.0.0-M7.jar;C:\Users\suraj\.m2\repository\org\springframework\spring-beans\7.0.0-M7\spring-beans-7.0.0-M7.jar;C:\Users\suraj\.m2\repository\org\springframework\boot\spring-boot-starter-web\4.0.0-SNAPSHOT\spring-boot-starter-web-4.0.0-SNAPSHOT.jar;C:\Users\suraj\.m2\repository\org\springframework\boot\spring-boot-starter-webmvc\4.0.0-SNAPSHOT\spring-boot-starter-webmvc-4.0.0-SNAPSHOT.jar;C:\Users\suraj\.m2\repository\org\springframework\boot\spring-boot-starter-json\4.0.0-SNAPSHOT\spring-boot-starter-json-4.0.0-SNAPSHOT.jar;C:\Users\suraj\.m2\repository\org\springframework\boot\spring-boot-starter-jackson\4.0.0-SNAPSHOT\spring-boot-starter-jackson-4.0.0-SNAPSHOT.jar;C:\Users\suraj\.m2\repository\org\springframework\boot\spring-boot-jackson\4.0.0-SNAPSHOT\spring-boot-jackson-4.0.0-SNAPSHOT.jar;C:\Users\suraj\.m2\repository\com\fasterxml\jackson\datatype\jackson-datatype-jdk8\2.19.2\jackson-datatype-jdk8-2.19.2.jar;C:\Users\suraj\.m2\repository\com\fasterxml\jackson\datatype\jackson-datatype-jsr310\2.19.2\jackson-datatype-jsr310-2.19.2.jar;C:\Users\suraj\.m2\repository\com\fasterxml\jackson\module\jackson-module-parameter-names\2.19.2\jackson-module-parameter-names-2.19.2.jar;C:\Users\suraj\.m2\repository\org\springframework\boot\spring-boot-starter-tomcat\4.0.0-SNAPSHOT\spring-boot-starter-tomcat-4.0.0-SNAPSHOT.jar;C:\Users\suraj\.m2\repository\org\springframework\boot\spring-boot-tomcat\4.0.0-SNAPSHOT\spring-boot-tomcat-4.0.0-SNAPSHOT.jar;C:\Users\suraj\.m2\repository\org\springframework\boot\spring-boot-web-server\4.0.0-SNAPSHOT\spring-boot-web-server-4.0.0-SNAPSHOT.jar;C:\Users\suraj\.m2\repository\org\apache\tomcat\embed\tomcat-embed-core\11.0.9\tomcat-embed-core-11.0.9.jar;C:\Users\suraj\.m2\repository\org\apache\tomcat\embed\tomcat-embed-el\11.0.9\tomcat-embed-el-11.0.9.jar;C:\Users\suraj\.m2\repository\org\apache\tomcat\embed\tomcat-embed-websocket\11.0.9\tomcat-embed-websocket-11.0.9.jar;C:\Users\suraj\.m2\repository\org\springframework\boot\spring-boot-http-converter\4.0.0-SNAPSHOT\spring-boot-http-converter-4.0.0-SNAPSHOT.jar;C:\Users\suraj\.m2\repository\org\springframework\boot\spring-boot-webmvc\4.0.0-SNAPSHOT\spring-boot-webmvc-4.0.0-SNAPSHOT.jar;C:\Users\suraj\.m2\repository\org\springframework\boot\spring-boot-servlet\4.0.0-SNAPSHOT\spring-boot-servlet-4.0.0-SNAPSHOT.jar;C:\Users\suraj\.m2\repository\org\springframework\spring-webmvc\7.0.0-M7\spring-webmvc-7.0.0-M7.jar;C:\Users\suraj\.m2\repository\org\springframework\boot\spring-boot-devtools\4.0.0-SNAPSHOT\spring-boot-devtools-4.0.0-SNAPSHOT.jar;C:\Users\suraj\.m2\repository\org\springframework\boot\spring-boot\4.0.0-SNAPSHOT\spring-boot-4.0.0-SNAPSHOT.jar;C:\Users\suraj\.m2\repository\org\springframework\spring-context\7.0.0-M7\spring-context-7.0.0-M7.jar;C:\Users\suraj\.m2\repository\org\springframework\boot\spring-boot-autoconfigure\4.0.0-SNAPSHOT\spring-boot-autoconfigure-4.0.0-SNAPSHOT.jar;C:\Users\suraj\.m2\repository\com\mysql\mysql-connector-j\9.3.0\mysql-connector-j-9.3.0.jar;C:\Users\suraj\.m2\repository\org\projectlombok\lombok\1.18.38\lombok-1.18.38.jar;C:\Users\suraj\.m2\repository\org\slf4j\slf4j-api\2.0.17\slf4j-api-2.0.17.jar;C:\Users\suraj\.m2\repository\jakarta\xml\bind\jakarta.xml.bind-api\4.0.2\jakarta.xml.bind-api-4.0.2.jar;C:\Users\suraj\.m2\repository\jakarta\activation\jakarta.activation-api\2.1.3\jakarta.activation-api-2.1.3.jar;C:\Users\suraj\.m2\repository\net\bytebuddy\byte-buddy\1.17.6\byte-buddy-1.17.6.jar;C:\Users\suraj\.m2\repository\org\springframework\spring-core\7.0.0-M7\spring-core-7.0.0-M7.jar;C:\Users\suraj\.m2\repository\commons-logging\commons-logging\1.3.5\commons-logging-1.3.5.jar;C:\Users\suraj\.m2\repository\org\jspecify\jspecify\1.0.0\jspecify-1.0.0.jar;C:\Users\suraj\.m2\repository\org\springframework\security\spring-security-core\7.0.0-M1\spring-security-core-7.0.0-M1.jar;C:\Users\suraj\.m2\repository\org\springframework\security\spring-security-crypto\7.0.0-M1\spring-security-crypto-7.0.0-M1.jar;C:\Users\suraj\.m2\repository\org\springframework\spring-expression\7.0.0-M7\spring-expression-7.0.0-M7.jar;C:\Users\suraj\.m2\repository\io\micrometer\micrometer-observation\1.16.0-M1\micrometer-observation-1.16.0-M1.jar;C:\Users\suraj\.m2\repository\io\micrometer\micrometer-commons\1.16.0-M1\micrometer-commons-1.16.0-M1.jar;C:\Users\suraj\.m2\repository\org\springframework\security\spring-security-web\7.0.0-M1\spring-security-web-7.0.0-M1.jar;C:\Users\suraj\.m2\repository\org\springframework\spring-web\7.0.0-M7\spring-web-7.0.0-M7.jar;C:\Users\suraj\.m2\repository\io\jsonwebtoken\jjwt-api\0.11.5\jjwt-api-0.11.5.jar;C:\Users\suraj\.m2\repository\io\jsonwebtoken\jjwt-impl\0.11.5\jjwt-impl-0.11.5.jar;C:\Users\suraj\.m2\repository\io\jsonwebtoken\jjwt-jackson\0.11.5\jjwt-jackson-0.11.5.jar;C:\Users\suraj\.m2\repository\com\fasterxml\jackson\core\jackson-databind\2.19.2\jackson-databind-2.19.2.jar;C:\Users\suraj\.m2\repository\com\fasterxml\jackson\core\jackson-annotations\2.19.2\jackson-annotations-2.19.2.jar;C:\Users\suraj\.m2\repository\com\fasterxml\jackson\core\jackson-core\2.19.2\jackson-core-2.19.2.jar
Launcher Type: SUN_STANDARD

[Global flags]
     intx CICompilerCount                          = 4                                         {product} {ergonomic}
     uint ConcGCThreads                            = 2                                         {product} {ergonomic}
     uint G1ConcRefinementThreads                  = 8                                         {product} {ergonomic}
   size_t G1HeapRegionSize                         = 1048576                                   {product} {ergonomic}
    uintx GCDrainStackTargetSize                   = 64                                        {product} {ergonomic}
   size_t InitialHeapSize                          = 130023424                                 {product} {ergonomic}
     bool ManagementServer                         = true                                      {product} {command line}
   size_t MarkStackSize                            = 4194304                                   {product} {ergonomic}
   size_t MaxHeapSize                              = 2080374784                                {product} {ergonomic}
   size_t MaxNewSize                               = 1247805440                                {product} {ergonomic}
   size_t MinHeapDeltaBytes                        = 1048576                                   {product} {ergonomic}
   size_t MinHeapSize                              = 8388608                                   {product} {ergonomic}
    uintx NonNMethodCodeHeapSize                   = 4096                                   {pd product} {ergonomic}
    uintx NonProfiledCodeHeapSize                  = 0                                      {pd product} {ergonomic}
     bool ProfileInterpreter                       = false                                  {pd product} {command line}
    uintx ProfiledCodeHeapSize                     = 0                                      {pd product} {ergonomic}
     bool ShowCodeDetailsInExceptionMessages       = true                                   {manageable} {command line}
   size_t SoftMaxHeapSize                          = 2080374784                             {manageable} {ergonomic}
     intx TieredStopAtLevel                        = 1                                         {product} {command line}
     bool UseCompressedOops                        = true                           {product lp64_product} {ergonomic}
     bool UseG1GC                                  = true                                      {product} {ergonomic}
     bool UseLargePagesIndividualAllocation        = false                                  {pd product} {ergonomic}

Logging:
Log output configuration:
 #0: stdout all=warning uptime,level,tags foldmultilines=false
 #1: stderr all=off uptime,level,tags foldmultilines=false

Environment Variables:
PATH=S:/adv_java/javaSoftwares/sts-4.30.0.RELEASE//plugins/org.eclipse.justj.openjdk.hotspot.jre.full.win32.x86_64_21.0.6.v20250130-0529/jre/bin/server;S:/adv_java/javaSoftwares/sts-4.30.0.RELEASE//plugins/org.eclipse.justj.openjdk.hotspot.jre.full.win32.x86_64_21.0.6.v20250130-0529/jre/bin;C:\Program Files\Java\jdk-11.0.16\bin;C:\Program Files\Java\jdk-21\bin;C:\Program Files\Common Files\Oracle\Java\javapath;C:\WINDOWS\system32;C:\WINDOWS;C:\WINDOWS\System32\Wbem;C:\WINDOWS\System32\WindowsPowerShell\v1.0\;C:\WINDOWS\System32\OpenSSH\;C:\xampp\php;C:\ProgramData\ComposerSetup\bin;C:\Users\suraj\AppData\Roaming\npm\node_modules\@angular\cli\;C:\ProgramData\chocolatey\bin;C:\Program Files\nodejs\;C:\Users\suraj\AppData\Roaming\npm\node_modules\@angular\cli;C:\Users\suraj\Python\Python311\;C:\Program Files\Git\cmd;C:\Program Files\dotnet\;S:\Mongo\mongosh-2.3.1-win32-x64\bin;C:\Program Files\MongoDB\Server\8.0\bin;C:\Program Files\Microsoft SQL Server\150\Tools\Binn\;C:\Program Files\Microsoft SQL Server\Client SDK\ODBC\170\Tools\Binn\;C:\Program Files (x86)\Windows Kits\10\Windows Performance Toolkit\;C:\Program Files\MySQL\MySQL Shell 8.0\bin\;C:\Users\suraj\Python\Python311\Scripts\;C:\Users\suraj\Python\Python311\;C:\Users\suraj\AppData\Local\Microsoft\WindowsApps;C:\Users\suraj\AppData\Local\Programs\Microsoft VS Code\bin;C:\Users\suraj\AppData\Roaming\Composer\vendor\bin;C:\Users\suraj\AppData\Roaming\npm;C:\Program Files\heroku\bin;C:\Users\suraj\.dotnet\tools;C:\Users\suraj\AppData\Local\Google\Cloud SDK\google-cloud-sdk\bin;C:\Program Files\Java\jdk-21;;S:\adv_java\javaSoftwares\sts-4.30.0.RELEASE;
USERNAME=suraj
OS=Windows_NT
PROCESSOR_IDENTIFIER=Intel64 Family 6 Model 126 Stepping 5, GenuineIntel
TMP=C:\Users\suraj\AppData\Local\Temp
TEMP=C:\Users\suraj\AppData\Local\Temp




Periodic native trim disabled

---------------  S Y S T E M  ---------------

OS:
 Windows 11 , 64 bit Build 26100 (10.0.26100.3912)
OS uptime: 2 days 2:26 hours
Hyper-V role detected

CPU: total 8 (initial active 8) (4 cores per cpu, 2 threads per core) family 6 model 126 stepping 5 microcode 0xa8, cx8, cmov, fxsr, ht, mmx, 3dnowpref, sse, sse2, sse3, ssse3, sse4.1, sse4.2, popcnt, lzcnt, tsc, tscinvbit, avx, avx2, aes, erms, clmul, bmi1, bmi2, adx, avx512f, avx512dq, avx512cd, avx512bw, avx512vl, sha, fma, vzeroupper, avx512_vpopcntdq, avx512_vpclmulqdq, avx512_vaes, avx512_vnni, clflush, clflushopt, avx512_vbmi2, avx512_vbmi, hv, rdtscp, rdpid, fsrm, gfni, avx512_bitalg, f16c, avx512_ifma
Processor Information for the first 8 processors :
  Max Mhz: 1190, Current Mhz: 991, Mhz Limit: 987

Memory: 4k page, system-wide physical 7930M (1254M free)
TotalPageFile size 12026M (AvailPageFile size 5M)
current process WorkingSet (physical memory assigned to process): 64M, peak: 64M
current process commit charge ("private bytes"): 211M, peak: 211M

vm_info: OpenJDK 64-Bit Server VM (21.0.6+7-LTS) for windows-amd64 JRE (21.0.6+7-LTS), built on 2025-01-21T00:00:00Z by "admin" with MS VC++ 17.7 (VS2022)

END.
